<?xml version="1.0" encoding="UTF-8"?>
<testsuite xmlns:xsi="http://www.w3.org/2001/XMLSchema-instance" xsi:noNamespaceSchemaLocation="https://maven.apache.org/surefire/maven-surefire-plugin/xsd/surefire-test-report-3.0.xsd" version="3.0" name="com.bezkoder.springjwt.SpringBootSecurityJwtApplicationTests" time="15.499" tests="1" errors="0" skipped="0" failures="0">
  <properties>
[...]
</properties>
  <testcase name="contextLoads" classname="com.bezkoder.springjwt.SpringBootSecurityJwtApplicationTests" time="1.236">
    <system-out><![CDATA[
  .   ____          _            __ _ _
 /\\ / ___'_ __ _ _(_)_ __  __ _ \ \ \ \
( ( )\___ | '_ | '_| | '_ \/ _` | \ \ \ \
 \\/  ___)| |_)| | | | | || (_| |  ) ) ) )
  '  |____| .__|_| |_|_| |_\__, | / / / /
 =========|_|==============|___/=/_/_/_/
 :: Spring Boot ::                (v3.1.0)

2024-05-21T14:08:28.140+05:30  INFO 19564 --- [           main] .s.SpringBootSecurityJwtApplicationTests : Starting SpringBootSecurityJwtApplicationTests using Java 17.0.10 with PID 19564 (started by hp-pc in C:\Users\hp-pc\Desktop\New folder (2)\spring-boot-spring-security-jwt-authentication)
2024-05-21T14:08:28.152+05:30  INFO 19564 --- [           main] .s.SpringBootSecurityJwtApplicationTests : No active profile set, falling back to 1 default profile: "default"
2024-05-21T14:08:31.234+05:30  INFO 19564 --- [           main] .s.d.r.c.RepositoryConfigurationDelegate : Bootstrapping Spring Data JPA repositories in DEFAULT mode.
2024-05-21T14:08:31.419+05:30  INFO 19564 --- [           main] .s.d.r.c.RepositoryConfigurationDelegate : Finished Spring Data repository scanning in 164 ms. Found 2 JPA repository interfaces.
2024-05-21T14:08:33.106+05:30  INFO 19564 --- [           main] o.hibernate.jpa.internal.util.LogHelper  : HHH000204: Processing PersistenceUnitInfo [name: default]
2024-05-21T14:08:33.252+05:30  INFO 19564 --- [           main] org.hibernate.Version                    : HHH000412: Hibernate ORM core version 6.2.2.Final
2024-05-21T14:08:33.257+05:30  INFO 19564 --- [           main] org.hibernate.cfg.Environment            : HHH000406: Using bytecode reflection optimizer
2024-05-21T14:08:33.829+05:30  INFO 19564 --- [           main] o.h.b.i.BytecodeProviderInitiator        : HHH000021: Bytecode provider name : bytebuddy
2024-05-21T14:08:34.193+05:30  INFO 19564 --- [           main] o.s.o.j.p.SpringPersistenceUnitInfo      : No LoadTimeWeaver setup: ignoring JPA class transformer
2024-05-21T14:08:34.233+05:30  INFO 19564 --- [           main] com.zaxxer.hikari.HikariDataSource       : HikariPool-1 - Starting...
2024-05-21T14:08:34.696+05:30  INFO 19564 --- [           main] com.zaxxer.hikari.pool.HikariPool        : HikariPool-1 - Added connection com.mysql.cj.jdbc.ConnectionImpl@320ff86f
2024-05-21T14:08:34.702+05:30  INFO 19564 --- [           main] com.zaxxer.hikari.HikariDataSource       : HikariPool-1 - Start completed.
2024-05-21T14:08:34.803+05:30  INFO 19564 --- [           main] org.hibernate.orm.dialect                : HHH035001: Using dialect: org.hibernate.dialect.MySQLDialect, version: 8.2
2024-05-21T14:08:35.397+05:30  INFO 19564 --- [           main] o.h.b.i.BytecodeProviderInitiator        : HHH000021: Bytecode provider name : bytebuddy
2024-05-21T14:08:36.875+05:30  INFO 19564 --- [           main] o.h.e.t.j.p.i.JtaPlatformInitiator       : HHH000490: Using JtaPlatform implementation: [org.hibernate.engine.transaction.jta.platform.internal.NoJtaPlatform]
2024-05-21T14:08:37.051+05:30  INFO 19564 --- [           main] j.LocalContainerEntityManagerFactoryBean : Initialized JPA EntityManagerFactory for persistence unit 'default'
2024-05-21T14:08:39.064+05:30  WARN 19564 --- [           main] JpaBaseConfiguration$JpaWebConfiguration : spring.jpa.open-in-view is enabled by default. Therefore, database queries may be performed during view rendering. Explicitly configure spring.jpa.open-in-view to disable this warning
2024-05-21T14:08:39.778+05:30  INFO 19564 --- [           main] o.s.s.web.DefaultSecurityFilterChain     : Will secure any request with [org.springframework.security.web.session.DisableEncodeUrlFilter@3ef4a8fb, org.springframework.security.web.context.request.async.WebAsyncManagerIntegrationFilter@30f99ca1, org.springframework.security.web.context.SecurityContextHolderFilter@1a61f634, org.springframework.security.web.header.HeaderWriterFilter@28f081ad, org.springframework.security.web.authentication.logout.LogoutFilter@85b9f9c, com.pirul.springjwt.security.jwt.AuthTokenFilter@242c4a94, org.springframework.security.web.savedrequest.RequestCacheAwareFilter@609edb55, org.springframework.security.web.servletapi.SecurityContextHolderAwareRequestFilter@147892be, org.springframework.security.web.authentication.AnonymousAuthenticationFilter@edb8f0c, org.springframework.security.web.session.SessionManagementFilter@2c02cf78, org.springframework.security.web.access.ExceptionTranslationFilter@4cc28ad0, org.springframework.security.web.access.intercept.AuthorizationFilter@3e0600a4]
2024-05-21T14:08:40.580+05:30  INFO 19564 --- [           main] .s.SpringBootSecurityJwtApplicationTests : Started SpringBootSecurityJwtApplicationTests in 13.13 seconds (process running for 15.66)
]]></system-out>
  </testcase>
</testsuite>